<?xml version='1.0'?>
<ns2:test-suite xmlns:ns2='urn:model.allure.qatools.yandex.ru' start='1525763900025' stop='1525764038510'>
    <name>Payment Module</name>
    <title>Payment Module</title>
    <test-cases>
        <test-case start='1525763900025' status='failed' stop='1525763933986'>
            <name>------ Register and purchase a Basic Plan</name>
            <title>------ Register and purchase a Basic Plan</title>
            <labels/>
            <parameters/>
            <steps/>
            <attachments>
                <attachment title='Screenshot' source='19f524b7-7996-4ae3-96b6-8cadcfba6a39-attachment.png' type='image/png' size='3629'/>
            </attachments>
            <failure>
                <message>Failed: unknown error: Cannot read property 'click' of null
                  (Session info: chrome=66.0.3359.139)
                  (Driver info: chromedriver=2.38.552522 (437e6fbedfa8762dec75e2c5b3ddb86763dc9dcb),platform=Windows NT 6.1.7601 SP1 x86_64)</message>
                <stack-trace>WebDriverError: unknown error: Cannot read property 'click' of null
                  (Session info: chrome=66.0.3359.139)
                  (Driver info: chromedriver=2.38.552522 (437e6fbedfa8762dec75e2c5b3ddb86763dc9dcb),platform=Windows NT 6.1.7601 SP1 x86_64)
                    at Object.checkLegacyResponse (C:\Users\Matanyos\Desktop\Automation\node_modules\selenium-webdriver\lib\error.js:546:15)
                    at parseHttpResponse (C:\Users\Matanyos\Desktop\Automation\node_modules\selenium-webdriver\lib\http.js:509:13)
                    at doSend.then.response (C:\Users\Matanyos\Desktop\Automation\node_modules\selenium-webdriver\lib\http.js:441:30)
                    at &lt;anonymous>
                    at process._tickCallback (internal/process/next_tick.js:118:7)
                From: Task: WebDriver.executeScript()
                    at thenableWebDriverProxy.schedule (C:\Users\Matanyos\Desktop\Automation\node_modules\selenium-webdriver\lib\webdriver.js:807:17)
                    at thenableWebDriverProxy.executeScript (C:\Users\Matanyos\Desktop\Automation\node_modules\selenium-webdriver\lib\webdriver.js:878:16)
                    at run (C:\Users\Matanyos\Desktop\Automation\node_modules\protractor\built\browser.js:59:33)
                    at ProtractorBrowser.to.(anonymous function) [as executeScript] (C:\Users\Matanyos\Desktop\Automation\node_modules\protractor\built\browser.js:67:16)
                    at UserContext.&lt;anonymous> (C:\Users\Matanyos\Desktop\Automation\Tests\Payment module-Chrome\payment.js:47:17)
                    at C:\Users\Matanyos\Desktop\Automation\node_modules\jasminewd2\index.js:112:25
                    at new ManagedPromise (C:\Users\Matanyos\Desktop\Automation\node_modules\selenium-webdriver\lib\promise.js:1077:7)
                    at ControlFlow.promise (C:\Users\Matanyos\Desktop\Automation\node_modules\selenium-webdriver\lib\promise.js:2505:12)
                    at schedulerExecute (C:\Users\Matanyos\Desktop\Automation\node_modules\jasminewd2\index.js:95:18)
                    at TaskQueue.execute_ (C:\Users\Matanyos\Desktop\Automation\node_modules\selenium-webdriver\lib\promise.js:3084:14)
                From: Task: Run it("------ Register and purchase a Basic Plan") in control flow
                    at UserContext.&lt;anonymous> (C:\Users\Matanyos\Desktop\Automation\node_modules\jasminewd2\index.js:94:19)
                    at attempt (C:\Users\Matanyos\Desktop\Automation\node_modules\jasmine-core\lib\jasmine-core\jasmine.js:4297:26)
                    at QueueRunner.run (C:\Users\Matanyos\Desktop\Automation\node_modules\jasmine-core\lib\jasmine-core\jasmine.js:4217:20)
                    at runNext (C:\Users\Matanyos\Desktop\Automation\node_modules\jasmine-core\lib\jasmine-core\jasmine.js:4257:20)
                    at C:\Users\Matanyos\Desktop\Automation\node_modules\jasmine-core\lib\jasmine-core\jasmine.js:4264:13
                    at C:\Users\Matanyos\Desktop\Automation\node_modules\jasmine-core\lib\jasmine-core\jasmine.js:4172:9
                    at C:\Users\Matanyos\Desktop\Automation\node_modules\jasminewd2\index.js:64:48
                    at ControlFlow.emit (C:\Users\Matanyos\Desktop\Automation\node_modules\selenium-webdriver\lib\events.js:62:21)
                    at ControlFlow.shutdown_ (C:\Users\Matanyos\Desktop\Automation\node_modules\selenium-webdriver\lib\promise.js:2674:10)
                    at shutdownTask_.MicroTask (C:\Users\Matanyos\Desktop\Automation\node_modules\selenium-webdriver\lib\promise.js:2599:53)
                From asynchronous test: 
                Error
                    at Suite.&lt;anonymous> (C:\Users\Matanyos\Desktop\Automation\Tests\Payment module-Chrome\payment.js:32:5)
                    at addSpecsToSuite (C:\Users\Matanyos\Desktop\Automation\node_modules\jasmine-core\lib\jasmine-core\jasmine.js:1107:25)
                    at Env.describe (C:\Users\Matanyos\Desktop\Automation\node_modules\jasmine-core\lib\jasmine-core\jasmine.js:1074:7)
                    at describe (C:\Users\Matanyos\Desktop\Automation\node_modules\jasmine-core\lib\jasmine-core\jasmine.js:4399:18)
                    at Object.&lt;anonymous> (C:\Users\Matanyos\Desktop\Automation\Tests\Payment module-Chrome\payment.js:1:63)
                    at Module._compile (module.js:649:30)
                    at Object.Module._extensions..js (module.js:660:10)
                    at Module.load (module.js:561:32)
                    at tryModuleLoad (module.js:501:12)</stack-trace>
            </failure>
        </test-case>
        <test-case start='1525763933986' status='failed' stop='1525763980440'>
            <name>------ Register and purchase an Agent Expert plan </name>
            <title>------ Register and purchase an Agent Expert plan </title>
            <labels/>
            <parameters/>
            <steps/>
            <attachments>
                <attachment title='Screenshot' source='19801b63-cd4a-42f8-a791-8814e854ab06-attachment.png' type='image/png' size='3629'/>
            </attachments>
            <failure>
                <message>Failed: This driver instance does not have a valid session ID (did you call WebDriver.quit()?) and may no longer be used.</message>
                <stack-trace>NoSuchSessionError: This driver instance does not have a valid session ID (did you call WebDriver.quit()?) and may no longer be used.
                    at session_.flow_.promise (C:\Users\Matanyos\Desktop\Automation\node_modules\selenium-webdriver\lib\webdriver.js:847:16)
                    at new ManagedPromise (C:\Users\Matanyos\Desktop\Automation\node_modules\selenium-webdriver\lib\promise.js:1077:7)
                    at ControlFlow.promise (C:\Users\Matanyos\Desktop\Automation\node_modules\selenium-webdriver\lib\promise.js:2505:12)
                    at promise.finally (C:\Users\Matanyos\Desktop\Automation\node_modules\selenium-webdriver\lib\webdriver.js:846:34)
                    at promise.then.error (C:\Users\Matanyos\Desktop\Automation\node_modules\selenium-webdriver\lib\promise.js:1684:12)
                    at ManagedPromise.invokeCallback_ (C:\Users\Matanyos\Desktop\Automation\node_modules\selenium-webdriver\lib\promise.js:1376:14)
                    at TaskQueue.execute_ (C:\Users\Matanyos\Desktop\Automation\node_modules\selenium-webdriver\lib\promise.js:3084:14)
                    at TaskQueue.executeNext_ (C:\Users\Matanyos\Desktop\Automation\node_modules\selenium-webdriver\lib\promise.js:3067:27)
                    at asyncRun (C:\Users\Matanyos\Desktop\Automation\node_modules\selenium-webdriver\lib\promise.js:2927:27)
                    at C:\Users\Matanyos\Desktop\Automation\node_modules\selenium-webdriver\lib\promise.js:668:7
                From: Task: WebDriver.getCurrentUrl()
                    at thenableWebDriverProxy.schedule (C:\Users\Matanyos\Desktop\Automation\node_modules\selenium-webdriver\lib\webdriver.js:807:17)
                    at thenableWebDriverProxy.getCurrentUrl (C:\Users\Matanyos\Desktop\Automation\node_modules\selenium-webdriver\lib\webdriver.js:993:17)
                    at C:\Users\Matanyos\Desktop\Automation\node_modules\protractor\built\expectedConditions.js:298:40
                    at C:\Users\Matanyos\Desktop\Automation\node_modules\selenium-webdriver\lib\webdriver.js:938:14
                    at TaskQueue.execute_ (C:\Users\Matanyos\Desktop\Automation\node_modules\selenium-webdriver\lib\promise.js:3084:14)
                    at TaskQueue.executeNext_ (C:\Users\Matanyos\Desktop\Automation\node_modules\selenium-webdriver\lib\promise.js:3067:27)
                    at asyncRun (C:\Users\Matanyos\Desktop\Automation\node_modules\selenium-webdriver\lib\promise.js:2974:25)
                    at C:\Users\Matanyos\Desktop\Automation\node_modules\selenium-webdriver\lib\promise.js:668:7
                    at &lt;anonymous>
                    at process._tickCallback (internal/process/next_tick.js:118:7)
                From: Task: &lt;anonymous>
                    at pollCondition (C:\Users\Matanyos\Desktop\Automation\node_modules\selenium-webdriver\lib\promise.js:2195:19)
                    at C:\Users\Matanyos\Desktop\Automation\node_modules\selenium-webdriver\lib\promise.js:2191:7
                    at new ManagedPromise (C:\Users\Matanyos\Desktop\Automation\node_modules\selenium-webdriver\lib\promise.js:1077:7)
                    at ControlFlow.promise (C:\Users\Matanyos\Desktop\Automation\node_modules\selenium-webdriver\lib\promise.js:2505:12)
                    at C:\Users\Matanyos\Desktop\Automation\node_modules\selenium-webdriver\lib\promise.js:2190:22
                    at TaskQueue.execute_ (C:\Users\Matanyos\Desktop\Automation\node_modules\selenium-webdriver\lib\promise.js:3084:14)
                    at TaskQueue.executeNext_ (C:\Users\Matanyos\Desktop\Automation\node_modules\selenium-webdriver\lib\promise.js:3067:27)
                    at asyncRun (C:\Users\Matanyos\Desktop\Automation\node_modules\selenium-webdriver\lib\promise.js:2974:25)
                    at C:\Users\Matanyos\Desktop\Automation\node_modules\selenium-webdriver\lib\promise.js:668:7
                    at &lt;anonymous>
                From: Task: &lt;anonymous wait>
                    at scheduleWait (C:\Users\Matanyos\Desktop\Automation\node_modules\selenium-webdriver\lib\promise.js:2188:20)
                    at ControlFlow.wait (C:\Users\Matanyos\Desktop\Automation\node_modules\selenium-webdriver\lib\promise.js:2517:12)
                    at thenableWebDriverProxy.wait (C:\Users\Matanyos\Desktop\Automation\node_modules\selenium-webdriver\lib\webdriver.js:934:29)
                    at run (C:\Users\Matanyos\Desktop\Automation\node_modules\protractor\built\browser.js:59:33)
                    at ProtractorBrowser.to.(anonymous function) [as wait] (C:\Users\Matanyos\Desktop\Automation\node_modules\protractor\built\browser.js:67:16)
                    at C:\Users\Matanyos\Desktop\Automation\Tests\Payment module-Chrome\payment.js:96:21
                    at ManagedPromise.invokeCallback_ (C:\Users\Matanyos\Desktop\Automation\node_modules\selenium-webdriver\lib\promise.js:1376:14)
                    at TaskQueue.execute_ (C:\Users\Matanyos\Desktop\Automation\node_modules\selenium-webdriver\lib\promise.js:3084:14)
                    at TaskQueue.executeNext_ (C:\Users\Matanyos\Desktop\Automation\node_modules\selenium-webdriver\lib\promise.js:3067:27)
                    at asyncRun (C:\Users\Matanyos\Desktop\Automation\node_modules\selenium-webdriver\lib\promise.js:2927:27)
                From: Task: Run it("------ Register and purchase an Agent Expert plan ") in control flow
                    at UserContext.&lt;anonymous> (C:\Users\Matanyos\Desktop\Automation\node_modules\jasminewd2\index.js:94:19)
                    at attempt (C:\Users\Matanyos\Desktop\Automation\node_modules\jasmine-core\lib\jasmine-core\jasmine.js:4297:26)
                    at QueueRunner.run (C:\Users\Matanyos\Desktop\Automation\node_modules\jasmine-core\lib\jasmine-core\jasmine.js:4217:20)
                    at runNext (C:\Users\Matanyos\Desktop\Automation\node_modules\jasmine-core\lib\jasmine-core\jasmine.js:4257:20)
                    at C:\Users\Matanyos\Desktop\Automation\node_modules\jasmine-core\lib\jasmine-core\jasmine.js:4264:13
                    at C:\Users\Matanyos\Desktop\Automation\node_modules\jasmine-core\lib\jasmine-core\jasmine.js:4172:9
                    at C:\Users\Matanyos\Desktop\Automation\node_modules\jasminewd2\index.js:64:48
                    at ControlFlow.emit (C:\Users\Matanyos\Desktop\Automation\node_modules\selenium-webdriver\lib\events.js:62:21)
                    at ControlFlow.shutdown_ (C:\Users\Matanyos\Desktop\Automation\node_modules\selenium-webdriver\lib\promise.js:2674:10)
                    at shutdownTask_.MicroTask (C:\Users\Matanyos\Desktop\Automation\node_modules\selenium-webdriver\lib\promise.js:2599:53)
                From asynchronous test: 
                Error
                    at Suite.&lt;anonymous> (C:\Users\Matanyos\Desktop\Automation\Tests\Payment module-Chrome\payment.js:73:5)
                    at addSpecsToSuite (C:\Users\Matanyos\Desktop\Automation\node_modules\jasmine-core\lib\jasmine-core\jasmine.js:1107:25)
                    at Env.describe (C:\Users\Matanyos\Desktop\Automation\node_modules\jasmine-core\lib\jasmine-core\jasmine.js:1074:7)
                    at describe (C:\Users\Matanyos\Desktop\Automation\node_modules\jasmine-core\lib\jasmine-core\jasmine.js:4399:18)
                    at Object.&lt;anonymous> (C:\Users\Matanyos\Desktop\Automation\Tests\Payment module-Chrome\payment.js:1:63)
                    at Module._compile (module.js:649:30)
                    at Object.Module._extensions..js (module.js:660:10)
                    at Module.load (module.js:561:32)
                    at tryModuleLoad (module.js:501:12)</stack-trace>
            </failure>
        </test-case>
        <test-case start='1525763980441' status='failed' stop='1525764038510'>
            <name>------ Sign up then purchase an Agent Top plan </name>
            <title>------ Sign up then purchase an Agent Top plan </title>
            <labels/>
            <parameters/>
            <steps/>
            <attachments>
                <attachment title='Screenshot' source='95a96a15-82a5-4901-a142-0bbf0e85b80c-attachment.png' type='image/png' size='3629'/>
            </attachments>
            <failure>
                <message>Failed: This driver instance does not have a valid session ID (did you call WebDriver.quit()?) and may no longer be used.</message>
                <stack-trace>NoSuchSessionError: This driver instance does not have a valid session ID (did you call WebDriver.quit()?) and may no longer be used.
                    at session_.flow_.promise (C:\Users\Matanyos\Desktop\Automation\node_modules\selenium-webdriver\lib\webdriver.js:847:16)
                    at new ManagedPromise (C:\Users\Matanyos\Desktop\Automation\node_modules\selenium-webdriver\lib\promise.js:1077:7)
                    at ControlFlow.promise (C:\Users\Matanyos\Desktop\Automation\node_modules\selenium-webdriver\lib\promise.js:2505:12)
                    at promise.finally (C:\Users\Matanyos\Desktop\Automation\node_modules\selenium-webdriver\lib\webdriver.js:846:34)
                    at promise.then.error (C:\Users\Matanyos\Desktop\Automation\node_modules\selenium-webdriver\lib\promise.js:1684:12)
                    at ManagedPromise.invokeCallback_ (C:\Users\Matanyos\Desktop\Automation\node_modules\selenium-webdriver\lib\promise.js:1376:14)
                    at TaskQueue.execute_ (C:\Users\Matanyos\Desktop\Automation\node_modules\selenium-webdriver\lib\promise.js:3084:14)
                    at TaskQueue.executeNext_ (C:\Users\Matanyos\Desktop\Automation\node_modules\selenium-webdriver\lib\promise.js:3067:27)
                    at asyncRun (C:\Users\Matanyos\Desktop\Automation\node_modules\selenium-webdriver\lib\promise.js:2927:27)
                    at C:\Users\Matanyos\Desktop\Automation\node_modules\selenium-webdriver\lib\promise.js:668:7
                From: Task: WebDriver.getCurrentUrl()
                    at thenableWebDriverProxy.schedule (C:\Users\Matanyos\Desktop\Automation\node_modules\selenium-webdriver\lib\webdriver.js:807:17)
                    at thenableWebDriverProxy.getCurrentUrl (C:\Users\Matanyos\Desktop\Automation\node_modules\selenium-webdriver\lib\webdriver.js:993:17)
                    at C:\Users\Matanyos\Desktop\Automation\node_modules\protractor\built\expectedConditions.js:298:40
                    at C:\Users\Matanyos\Desktop\Automation\node_modules\selenium-webdriver\lib\webdriver.js:938:14
                    at TaskQueue.execute_ (C:\Users\Matanyos\Desktop\Automation\node_modules\selenium-webdriver\lib\promise.js:3084:14)
                    at TaskQueue.executeNext_ (C:\Users\Matanyos\Desktop\Automation\node_modules\selenium-webdriver\lib\promise.js:3067:27)
                    at asyncRun (C:\Users\Matanyos\Desktop\Automation\node_modules\selenium-webdriver\lib\promise.js:2974:25)
                    at C:\Users\Matanyos\Desktop\Automation\node_modules\selenium-webdriver\lib\promise.js:668:7
                    at &lt;anonymous>
                    at process._tickCallback (internal/process/next_tick.js:118:7)
                From: Task: &lt;anonymous>
                    at pollCondition (C:\Users\Matanyos\Desktop\Automation\node_modules\selenium-webdriver\lib\promise.js:2195:19)
                    at C:\Users\Matanyos\Desktop\Automation\node_modules\selenium-webdriver\lib\promise.js:2191:7
                    at new ManagedPromise (C:\Users\Matanyos\Desktop\Automation\node_modules\selenium-webdriver\lib\promise.js:1077:7)
                    at ControlFlow.promise (C:\Users\Matanyos\Desktop\Automation\node_modules\selenium-webdriver\lib\promise.js:2505:12)
                    at C:\Users\Matanyos\Desktop\Automation\node_modules\selenium-webdriver\lib\promise.js:2190:22
                    at TaskQueue.execute_ (C:\Users\Matanyos\Desktop\Automation\node_modules\selenium-webdriver\lib\promise.js:3084:14)
                    at TaskQueue.executeNext_ (C:\Users\Matanyos\Desktop\Automation\node_modules\selenium-webdriver\lib\promise.js:3067:27)
                    at asyncRun (C:\Users\Matanyos\Desktop\Automation\node_modules\selenium-webdriver\lib\promise.js:2974:25)
                    at C:\Users\Matanyos\Desktop\Automation\node_modules\selenium-webdriver\lib\promise.js:668:7
                    at &lt;anonymous>
                From: Task: &lt;anonymous wait>
                    at scheduleWait (C:\Users\Matanyos\Desktop\Automation\node_modules\selenium-webdriver\lib\promise.js:2188:20)
                    at ControlFlow.wait (C:\Users\Matanyos\Desktop\Automation\node_modules\selenium-webdriver\lib\promise.js:2517:12)
                    at thenableWebDriverProxy.wait (C:\Users\Matanyos\Desktop\Automation\node_modules\selenium-webdriver\lib\webdriver.js:934:29)
                    at run (C:\Users\Matanyos\Desktop\Automation\node_modules\protractor\built\browser.js:59:33)
                    at ProtractorBrowser.to.(anonymous function) [as wait] (C:\Users\Matanyos\Desktop\Automation\node_modules\protractor\built\browser.js:67:16)
                    at C:\Users\Matanyos\Desktop\Automation\Tests\Payment module-Chrome\payment.js:96:21
                    at ManagedPromise.invokeCallback_ (C:\Users\Matanyos\Desktop\Automation\node_modules\selenium-webdriver\lib\promise.js:1376:14)
                    at TaskQueue.execute_ (C:\Users\Matanyos\Desktop\Automation\node_modules\selenium-webdriver\lib\promise.js:3084:14)
                    at TaskQueue.executeNext_ (C:\Users\Matanyos\Desktop\Automation\node_modules\selenium-webdriver\lib\promise.js:3067:27)
                    at asyncRun (C:\Users\Matanyos\Desktop\Automation\node_modules\selenium-webdriver\lib\promise.js:2927:27)
                From: Task: Run it("------ Register and purchase an Agent Expert plan ") in control flow
                    at UserContext.&lt;anonymous> (C:\Users\Matanyos\Desktop\Automation\node_modules\jasminewd2\index.js:94:19)
                    at attempt (C:\Users\Matanyos\Desktop\Automation\node_modules\jasmine-core\lib\jasmine-core\jasmine.js:4297:26)
                    at QueueRunner.run (C:\Users\Matanyos\Desktop\Automation\node_modules\jasmine-core\lib\jasmine-core\jasmine.js:4217:20)
                    at runNext (C:\Users\Matanyos\Desktop\Automation\node_modules\jasmine-core\lib\jasmine-core\jasmine.js:4257:20)
                    at C:\Users\Matanyos\Desktop\Automation\node_modules\jasmine-core\lib\jasmine-core\jasmine.js:4264:13
                    at C:\Users\Matanyos\Desktop\Automation\node_modules\jasmine-core\lib\jasmine-core\jasmine.js:4172:9
                    at C:\Users\Matanyos\Desktop\Automation\node_modules\jasminewd2\index.js:64:48
                    at ControlFlow.emit (C:\Users\Matanyos\Desktop\Automation\node_modules\selenium-webdriver\lib\events.js:62:21)
                    at ControlFlow.shutdown_ (C:\Users\Matanyos\Desktop\Automation\node_modules\selenium-webdriver\lib\promise.js:2674:10)
                    at shutdownTask_.MicroTask (C:\Users\Matanyos\Desktop\Automation\node_modules\selenium-webdriver\lib\promise.js:2599:53)
                From asynchronous test: 
                Error
                    at Suite.&lt;anonymous> (C:\Users\Matanyos\Desktop\Automation\Tests\Payment module-Chrome\payment.js:73:5)
                    at addSpecsToSuite (C:\Users\Matanyos\Desktop\Automation\node_modules\jasmine-core\lib\jasmine-core\jasmine.js:1107:25)
                    at Env.describe (C:\Users\Matanyos\Desktop\Automation\node_modules\jasmine-core\lib\jasmine-core\jasmine.js:1074:7)
                    at describe (C:\Users\Matanyos\Desktop\Automation\node_modules\jasmine-core\lib\jasmine-core\jasmine.js:4399:18)
                    at Object.&lt;anonymous> (C:\Users\Matanyos\Desktop\Automation\Tests\Payment module-Chrome\payment.js:1:63)
                    at Module._compile (module.js:649:30)
                    at Object.Module._extensions..js (module.js:660:10)
                    at Module.load (module.js:561:32)
                    at tryModuleLoad (module.js:501:12)
                From: Task: WebDriver.getCurrentUrl()
                    at thenableWebDriverProxy.schedule (C:\Users\Matanyos\Desktop\Automation\node_modules\selenium-webdriver\lib\webdriver.js:807:17)
                    at thenableWebDriverProxy.getCurrentUrl (C:\Users\Matanyos\Desktop\Automation\node_modules\selenium-webdriver\lib\webdriver.js:993:17)
                    at C:\Users\Matanyos\Desktop\Automation\node_modules\protractor\built\expectedConditions.js:298:40
                    at C:\Users\Matanyos\Desktop\Automation\node_modules\selenium-webdriver\lib\webdriver.js:938:14
                    at TaskQueue.execute_ (C:\Users\Matanyos\Desktop\Automation\node_modules\selenium-webdriver\lib\promise.js:3084:14)
                    at TaskQueue.executeNext_ (C:\Users\Matanyos\Desktop\Automation\node_modules\selenium-webdriver\lib\promise.js:3067:27)
                    at asyncRun (C:\Users\Matanyos\Desktop\Automation\node_modules\selenium-webdriver\lib\promise.js:2974:25)
                    at C:\Users\Matanyos\Desktop\Automation\node_modules\selenium-webdriver\lib\promise.js:668:7
                    at &lt;anonymous>
                    at process._tickCallback (internal/process/next_tick.js:118:7)
                From: Task: &lt;anonymous>
                    at pollCondition (C:\Users\Matanyos\Desktop\Automation\node_modules\selenium-webdriver\lib\promise.js:2195:19)
                    at C:\Users\Matanyos\Desktop\Automation\node_modules\selenium-webdriver\lib\promise.js:2191:7
                    at new ManagedPromise (C:\Users\Matanyos\Desktop\Automation\node_modules\selenium-webdriver\lib\promise.js:1077:7)
                    at ControlFlow.promise (C:\Users\Matanyos\Desktop\Automation\node_modules\selenium-webdriver\lib\promise.js:2505:12)
                    at C:\Users\Matanyos\Desktop\Automation\node_modules\selenium-webdriver\lib\promise.js:2190:22
                    at TaskQueue.execute_ (C:\Users\Matanyos\Desktop\Automation\node_modules\selenium-webdriver\lib\promise.js:3084:14)
                    at TaskQueue.executeNext_ (C:\Users\Matanyos\Desktop\Automation\node_modules\selenium-webdriver\lib\promise.js:3067:27)
                    at asyncRun (C:\Users\Matanyos\Desktop\Automation\node_modules\selenium-webdriver\lib\promise.js:2974:25)
                    at C:\Users\Matanyos\Desktop\Automation\node_modules\selenium-webdriver\lib\promise.js:668:7
                    at &lt;anonymous>
                From: Task: &lt;anonymous wait>
                    at scheduleWait (C:\Users\Matanyos\Desktop\Automation\node_modules\selenium-webdriver\lib\promise.js:2188:20)
                    at ControlFlow.wait (C:\Users\Matanyos\Desktop\Automation\node_modules\selenium-webdriver\lib\promise.js:2517:12)
                    at thenableWebDriverProxy.wait (C:\Users\Matanyos\Desktop\Automation\node_modules\selenium-webdriver\lib\webdriver.js:934:29)
                    at run (C:\Users\Matanyos\Desktop\Automation\node_modules\protractor\built\browser.js:59:33)
                    at ProtractorBrowser.to.(anonymous function) [as wait] (C:\Users\Matanyos\Desktop\Automation\node_modules\protractor\built\browser.js:67:16)
                    at C:\Users\Matanyos\Desktop\Automation\Tests\Payment module-Chrome\payment.js:137:21
                    at ManagedPromise.invokeCallback_ (C:\Users\Matanyos\Desktop\Automation\node_modules\selenium-webdriver\lib\promise.js:1376:14)
                    at TaskQueue.execute_ (C:\Users\Matanyos\Desktop\Automation\node_modules\selenium-webdriver\lib\promise.js:3084:14)
                    at TaskQueue.executeNext_ (C:\Users\Matanyos\Desktop\Automation\node_modules\selenium-webdriver\lib\promise.js:3067:27)
                    at asyncRun (C:\Users\Matanyos\Desktop\Automation\node_modules\selenium-webdriver\lib\promise.js:2927:27)
                From: Task: Run it("------ Sign up then purchase an Agent Top plan ") in control flow
                    at UserContext.&lt;anonymous> (C:\Users\Matanyos\Desktop\Automation\node_modules\jasminewd2\index.js:94:19)
                    at attempt (C:\Users\Matanyos\Desktop\Automation\node_modules\jasmine-core\lib\jasmine-core\jasmine.js:4297:26)
                    at QueueRunner.run (C:\Users\Matanyos\Desktop\Automation\node_modules\jasmine-core\lib\jasmine-core\jasmine.js:4217:20)
                    at runNext (C:\Users\Matanyos\Desktop\Automation\node_modules\jasmine-core\lib\jasmine-core\jasmine.js:4257:20)
                    at C:\Users\Matanyos\Desktop\Automation\node_modules\jasmine-core\lib\jasmine-core\jasmine.js:4264:13
                    at C:\Users\Matanyos\Desktop\Automation\node_modules\jasmine-core\lib\jasmine-core\jasmine.js:4172:9
                    at C:\Users\Matanyos\Desktop\Automation\node_modules\jasminewd2\index.js:64:48
                    at ControlFlow.emit (C:\Users\Matanyos\Desktop\Automation\node_modules\selenium-webdriver\lib\events.js:62:21)
                    at ControlFlow.shutdown_ (C:\Users\Matanyos\Desktop\Automation\node_modules\selenium-webdriver\lib\promise.js:2674:10)
                    at shutdownTask_.MicroTask (C:\Users\Matanyos\Desktop\Automation\node_modules\selenium-webdriver\lib\promise.js:2599:53)
                From asynchronous test: 
                Error
                    at Suite.&lt;anonymous> (C:\Users\Matanyos\Desktop\Automation\Tests\Payment module-Chrome\payment.js:110:5)
                    at addSpecsToSuite (C:\Users\Matanyos\Desktop\Automation\node_modules\jasmine-core\lib\jasmine-core\jasmine.js:1107:25)
                    at Env.describe (C:\Users\Matanyos\Desktop\Automation\node_modules\jasmine-core\lib\jasmine-core\jasmine.js:1074:7)
                    at describe (C:\Users\Matanyos\Desktop\Automation\node_modules\jasmine-core\lib\jasmine-core\jasmine.js:4399:18)
                    at Object.&lt;anonymous> (C:\Users\Matanyos\Desktop\Automation\Tests\Payment module-Chrome\payment.js:1:63)
                    at Module._compile (module.js:649:30)
                    at Object.Module._extensions..js (module.js:660:10)
                    at Module.load (module.js:561:32)
                    at tryModuleLoad (module.js:501:12)</stack-trace>
            </failure>
        </test-case>
    </test-cases>
</ns2:test-suite>