{
  "defectsList" : [ {
    "title" : "Product defects",
    "status" : "FAILED",
    "defects" : [ {
      "uid" : "45d9e086d8c1bced",
      "failure" : {
        "message" : "Expected true to equal false.",
        "stackTrace" : "Error: Failed expectation\n                    at C:\\Users\\Matanyos\\Desktop\\Automation\\Tests\\Authentication module-Chrome\\auth.js:56:26\n                    at ManagedPromise.invokeCallback_ (C:\\Users\\Matanyos\\Desktop\\Automation\\node_modules\\selenium-webdriver\\lib\\promise.js:1376:14)\n                    at TaskQueue.execute_ (C:\\Users\\Matanyos\\Desktop\\Automation\\node_modules\\selenium-webdriver\\lib\\promise.js:3084:14)\n                    at TaskQueue.executeNext_ (C:\\Users\\Matanyos\\Desktop\\Automation\\node_modules\\selenium-webdriver\\lib\\promise.js:3067:27)\n                    at asyncRun (C:\\Users\\Matanyos\\Desktop\\Automation\\node_modules\\selenium-webdriver\\lib\\promise.js:2927:27)\n                    at C:\\Users\\Matanyos\\Desktop\\Automation\\node_modules\\selenium-webdriver\\lib\\promise.js:668:7\n                    at <anonymous>\n                    at process._tickCallback (internal/process/next_tick.js:118:7)"
      },
      "testCases" : [ {
        "uid" : "7320e42d578b5e23",
        "name" : "------ Sign in with Google account",
        "title" : "------ Sign in with Google account",
        "time" : {
          "start" : 1525763317589,
          "stop" : 1525763377267,
          "duration" : 59678
        },
        "severity" : "NORMAL",
        "status" : "FAILED"
      } ]
    }, {
      "uid" : "cbb3fb6416b4bce0",
      "failure" : {
        "message" : "Failed: unknown error: Cannot read property 'click' of null\n                  (Session info: chrome=66.0.3359.139)\n                  (Driver info: chromedriver=2.38.552522 (437e6fbedfa8762dec75e2c5b3ddb86763dc9dcb),platform=Windows NT 6.1.7601 SP1 x86_64)",
        "stackTrace" : "WebDriverError: unknown error: Cannot read property 'click' of null\n                  (Session info: chrome=66.0.3359.139)\n                  (Driver info: chromedriver=2.38.552522 (437e6fbedfa8762dec75e2c5b3ddb86763dc9dcb),platform=Windows NT 6.1.7601 SP1 x86_64)\n                    at Object.checkLegacyResponse (C:\\Users\\Matanyos\\Desktop\\Automation\\node_modules\\selenium-webdriver\\lib\\error.js:546:15)\n                    at parseHttpResponse (C:\\Users\\Matanyos\\Desktop\\Automation\\node_modules\\selenium-webdriver\\lib\\http.js:509:13)\n                    at doSend.then.response (C:\\Users\\Matanyos\\Desktop\\Automation\\node_modules\\selenium-webdriver\\lib\\http.js:441:30)\n                    at <anonymous>\n                    at process._tickCallback (internal/process/next_tick.js:118:7)\n                From: Task: WebDriver.executeScript()\n                    at thenableWebDriverProxy.schedule (C:\\Users\\Matanyos\\Desktop\\Automation\\node_modules\\selenium-webdriver\\lib\\webdriver.js:807:17)\n                    at thenableWebDriverProxy.executeScript (C:\\Users\\Matanyos\\Desktop\\Automation\\node_modules\\selenium-webdriver\\lib\\webdriver.js:878:16)\n                    at run (C:\\Users\\Matanyos\\Desktop\\Automation\\node_modules\\protractor\\built\\browser.js:59:33)\n                    at ProtractorBrowser.to.(anonymous function) [as executeScript] (C:\\Users\\Matanyos\\Desktop\\Automation\\node_modules\\protractor\\built\\browser.js:67:16)\n                    at UserContext.<anonymous> (C:\\Users\\Matanyos\\Desktop\\Automation\\Tests\\Payment module-Chrome\\payment.js:47:17)\n                    at C:\\Users\\Matanyos\\Desktop\\Automation\\node_modules\\jasminewd2\\index.js:112:25\n                    at new ManagedPromise (C:\\Users\\Matanyos\\Desktop\\Automation\\node_modules\\selenium-webdriver\\lib\\promise.js:1077:7)\n                    at ControlFlow.promise (C:\\Users\\Matanyos\\Desktop\\Automation\\node_modules\\selenium-webdriver\\lib\\promise.js:2505:12)\n                    at schedulerExecute (C:\\Users\\Matanyos\\Desktop\\Automation\\node_modules\\jasminewd2\\index.js:95:18)\n                    at TaskQueue.execute_ (C:\\Users\\Matanyos\\Desktop\\Automation\\node_modules\\selenium-webdriver\\lib\\promise.js:3084:14)\n                From: Task: Run it(\"------ Register and purchase a Basic Plan\") in control flow\n                    at UserContext.<anonymous> (C:\\Users\\Matanyos\\Desktop\\Automation\\node_modules\\jasminewd2\\index.js:94:19)\n                    at attempt (C:\\Users\\Matanyos\\Desktop\\Automation\\node_modules\\jasmine-core\\lib\\jasmine-core\\jasmine.js:4297:26)\n                    at QueueRunner.run (C:\\Users\\Matanyos\\Desktop\\Automation\\node_modules\\jasmine-core\\lib\\jasmine-core\\jasmine.js:4217:20)\n                    at runNext (C:\\Users\\Matanyos\\Desktop\\Automation\\node_modules\\jasmine-core\\lib\\jasmine-core\\jasmine.js:4257:20)\n                    at C:\\Users\\Matanyos\\Desktop\\Automation\\node_modules\\jasmine-core\\lib\\jasmine-core\\jasmine.js:4264:13\n                    at C:\\Users\\Matanyos\\Desktop\\Automation\\node_modules\\jasmine-core\\lib\\jasmine-core\\jasmine.js:4172:9\n                    at C:\\Users\\Matanyos\\Desktop\\Automation\\node_modules\\jasminewd2\\index.js:64:48\n                    at ControlFlow.emit (C:\\Users\\Matanyos\\Desktop\\Automation\\node_modules\\selenium-webdriver\\lib\\events.js:62:21)\n                    at ControlFlow.shutdown_ (C:\\Users\\Matanyos\\Desktop\\Automation\\node_modules\\selenium-webdriver\\lib\\promise.js:2674:10)\n                    at shutdownTask_.MicroTask (C:\\Users\\Matanyos\\Desktop\\Automation\\node_modules\\selenium-webdriver\\lib\\promise.js:2599:53)\n                From asynchronous test: \n                Error\n                    at Suite.<anonymous> (C:\\Users\\Matanyos\\Desktop\\Automation\\Tests\\Payment module-Chrome\\payment.js:32:5)\n                    at addSpecsToSuite (C:\\Users\\Matanyos\\Desktop\\Automation\\node_modules\\jasmine-core\\lib\\jasmine-core\\jasmine.js:1107:25)\n                    at Env.describe (C:\\Users\\Matanyos\\Desktop\\Automation\\node_modules\\jasmine-core\\lib\\jasmine-core\\jasmine.js:1074:7)\n                    at describe (C:\\Users\\Matanyos\\Desktop\\Automation\\node_modules\\jasmine-core\\lib\\jasmine-core\\jasmine.js:4399:18)\n                    at Object.<anonymous> (C:\\Users\\Matanyos\\Desktop\\Automation\\Tests\\Payment module-Chrome\\payment.js:1:63)\n                    at Module._compile (module.js:649:30)\n                    at Object.Module._extensions..js (module.js:660:10)\n                    at Module.load (module.js:561:32)\n                    at tryModuleLoad (module.js:501:12)"
      },
      "testCases" : [ {
        "uid" : "8e95ec89e1e2a4f9",
        "name" : "------ Register and purchase a Basic Plan",
        "title" : "------ Register and purchase a Basic Plan",
        "time" : {
          "start" : 1525763900025,
          "stop" : 1525763933986,
          "duration" : 33961
        },
        "severity" : "NORMAL",
        "status" : "FAILED"
      } ]
    }, {
      "uid" : "3c8ae2e5b3a1d0ad",
      "failure" : {
        "message" : "Failed: This driver instance does not have a valid session ID (did you call WebDriver.quit()?) and may no longer be used.",
        "stackTrace" : "NoSuchSessionError: This driver instance does not have a valid session ID (did you call WebDriver.quit()?) and may no longer be used.\n                    at session_.flow_.promise (C:\\Users\\Matanyos\\Desktop\\Automation\\node_modules\\selenium-webdriver\\lib\\webdriver.js:847:16)\n                    at new ManagedPromise (C:\\Users\\Matanyos\\Desktop\\Automation\\node_modules\\selenium-webdriver\\lib\\promise.js:1077:7)\n                    at ControlFlow.promise (C:\\Users\\Matanyos\\Desktop\\Automation\\node_modules\\selenium-webdriver\\lib\\promise.js:2505:12)\n                    at promise.finally (C:\\Users\\Matanyos\\Desktop\\Automation\\node_modules\\selenium-webdriver\\lib\\webdriver.js:846:34)\n                    at promise.then.error (C:\\Users\\Matanyos\\Desktop\\Automation\\node_modules\\selenium-webdriver\\lib\\promise.js:1684:12)\n                    at ManagedPromise.invokeCallback_ (C:\\Users\\Matanyos\\Desktop\\Automation\\node_modules\\selenium-webdriver\\lib\\promise.js:1376:14)\n                    at TaskQueue.execute_ (C:\\Users\\Matanyos\\Desktop\\Automation\\node_modules\\selenium-webdriver\\lib\\promise.js:3084:14)\n                    at TaskQueue.executeNext_ (C:\\Users\\Matanyos\\Desktop\\Automation\\node_modules\\selenium-webdriver\\lib\\promise.js:3067:27)\n                    at asyncRun (C:\\Users\\Matanyos\\Desktop\\Automation\\node_modules\\selenium-webdriver\\lib\\promise.js:2927:27)\n                    at C:\\Users\\Matanyos\\Desktop\\Automation\\node_modules\\selenium-webdriver\\lib\\promise.js:668:7\n                From: Task: WebDriver.getCurrentUrl()\n                    at thenableWebDriverProxy.schedule (C:\\Users\\Matanyos\\Desktop\\Automation\\node_modules\\selenium-webdriver\\lib\\webdriver.js:807:17)\n                    at thenableWebDriverProxy.getCurrentUrl (C:\\Users\\Matanyos\\Desktop\\Automation\\node_modules\\selenium-webdriver\\lib\\webdriver.js:993:17)\n                    at C:\\Users\\Matanyos\\Desktop\\Automation\\node_modules\\protractor\\built\\expectedConditions.js:298:40\n                    at C:\\Users\\Matanyos\\Desktop\\Automation\\node_modules\\selenium-webdriver\\lib\\webdriver.js:938:14\n                    at TaskQueue.execute_ (C:\\Users\\Matanyos\\Desktop\\Automation\\node_modules\\selenium-webdriver\\lib\\promise.js:3084:14)\n                    at TaskQueue.executeNext_ (C:\\Users\\Matanyos\\Desktop\\Automation\\node_modules\\selenium-webdriver\\lib\\promise.js:3067:27)\n                    at asyncRun (C:\\Users\\Matanyos\\Desktop\\Automation\\node_modules\\selenium-webdriver\\lib\\promise.js:2974:25)\n                    at C:\\Users\\Matanyos\\Desktop\\Automation\\node_modules\\selenium-webdriver\\lib\\promise.js:668:7\n                    at <anonymous>\n                    at process._tickCallback (internal/process/next_tick.js:118:7)\n                From: Task: <anonymous>\n                    at pollCondition (C:\\Users\\Matanyos\\Desktop\\Automation\\node_modules\\selenium-webdriver\\lib\\promise.js:2195:19)\n                    at C:\\Users\\Matanyos\\Desktop\\Automation\\node_modules\\selenium-webdriver\\lib\\promise.js:2191:7\n                    at new ManagedPromise (C:\\Users\\Matanyos\\Desktop\\Automation\\node_modules\\selenium-webdriver\\lib\\promise.js:1077:7)\n                    at ControlFlow.promise (C:\\Users\\Matanyos\\Desktop\\Automation\\node_modules\\selenium-webdriver\\lib\\promise.js:2505:12)\n                    at C:\\Users\\Matanyos\\Desktop\\Automation\\node_modules\\selenium-webdriver\\lib\\promise.js:2190:22\n                    at TaskQueue.execute_ (C:\\Users\\Matanyos\\Desktop\\Automation\\node_modules\\selenium-webdriver\\lib\\promise.js:3084:14)\n                    at TaskQueue.executeNext_ (C:\\Users\\Matanyos\\Desktop\\Automation\\node_modules\\selenium-webdriver\\lib\\promise.js:3067:27)\n                    at asyncRun (C:\\Users\\Matanyos\\Desktop\\Automation\\node_modules\\selenium-webdriver\\lib\\promise.js:2974:25)\n                    at C:\\Users\\Matanyos\\Desktop\\Automation\\node_modules\\selenium-webdriver\\lib\\promise.js:668:7\n                    at <anonymous>\n                From: Task: <anonymous wait>\n                    at scheduleWait (C:\\Users\\Matanyos\\Desktop\\Automation\\node_modules\\selenium-webdriver\\lib\\promise.js:2188:20)\n                    at ControlFlow.wait (C:\\Users\\Matanyos\\Desktop\\Automation\\node_modules\\selenium-webdriver\\lib\\promise.js:2517:12)\n                    at thenableWebDriverProxy.wait (C:\\Users\\Matanyos\\Desktop\\Automation\\node_modules\\selenium-webdriver\\lib\\webdriver.js:934:29)\n                    at run (C:\\Users\\Matanyos\\Desktop\\Automation\\node_modules\\protractor\\built\\browser.js:59:33)\n                    at ProtractorBrowser.to.(anonymous function) [as wait] (C:\\Users\\Matanyos\\Desktop\\Automation\\node_modules\\protractor\\built\\browser.js:67:16)\n                    at C:\\Users\\Matanyos\\Desktop\\Automation\\Tests\\Payment module-Chrome\\payment.js:96:21\n                    at ManagedPromise.invokeCallback_ (C:\\Users\\Matanyos\\Desktop\\Automation\\node_modules\\selenium-webdriver\\lib\\promise.js:1376:14)\n                    at TaskQueue.execute_ (C:\\Users\\Matanyos\\Desktop\\Automation\\node_modules\\selenium-webdriver\\lib\\promise.js:3084:14)\n                    at TaskQueue.executeNext_ (C:\\Users\\Matanyos\\Desktop\\Automation\\node_modules\\selenium-webdriver\\lib\\promise.js:3067:27)\n                    at asyncRun (C:\\Users\\Matanyos\\Desktop\\Automation\\node_modules\\selenium-webdriver\\lib\\promise.js:2927:27)\n                From: Task: Run it(\"------ Register and purchase an Agent Expert plan \") in control flow\n                    at UserContext.<anonymous> (C:\\Users\\Matanyos\\Desktop\\Automation\\node_modules\\jasminewd2\\index.js:94:19)\n                    at attempt (C:\\Users\\Matanyos\\Desktop\\Automation\\node_modules\\jasmine-core\\lib\\jasmine-core\\jasmine.js:4297:26)\n                    at QueueRunner.run (C:\\Users\\Matanyos\\Desktop\\Automation\\node_modules\\jasmine-core\\lib\\jasmine-core\\jasmine.js:4217:20)\n                    at runNext (C:\\Users\\Matanyos\\Desktop\\Automation\\node_modules\\jasmine-core\\lib\\jasmine-core\\jasmine.js:4257:20)\n                    at C:\\Users\\Matanyos\\Desktop\\Automation\\node_modules\\jasmine-core\\lib\\jasmine-core\\jasmine.js:4264:13\n                    at C:\\Users\\Matanyos\\Desktop\\Automation\\node_modules\\jasmine-core\\lib\\jasmine-core\\jasmine.js:4172:9\n                    at C:\\Users\\Matanyos\\Desktop\\Automation\\node_modules\\jasminewd2\\index.js:64:48\n                    at ControlFlow.emit (C:\\Users\\Matanyos\\Desktop\\Automation\\node_modules\\selenium-webdriver\\lib\\events.js:62:21)\n                    at ControlFlow.shutdown_ (C:\\Users\\Matanyos\\Desktop\\Automation\\node_modules\\selenium-webdriver\\lib\\promise.js:2674:10)\n                    at shutdownTask_.MicroTask (C:\\Users\\Matanyos\\Desktop\\Automation\\node_modules\\selenium-webdriver\\lib\\promise.js:2599:53)\n                From asynchronous test: \n                Error\n                    at Suite.<anonymous> (C:\\Users\\Matanyos\\Desktop\\Automation\\Tests\\Payment module-Chrome\\payment.js:73:5)\n                    at addSpecsToSuite (C:\\Users\\Matanyos\\Desktop\\Automation\\node_modules\\jasmine-core\\lib\\jasmine-core\\jasmine.js:1107:25)\n                    at Env.describe (C:\\Users\\Matanyos\\Desktop\\Automation\\node_modules\\jasmine-core\\lib\\jasmine-core\\jasmine.js:1074:7)\n                    at describe (C:\\Users\\Matanyos\\Desktop\\Automation\\node_modules\\jasmine-core\\lib\\jasmine-core\\jasmine.js:4399:18)\n                    at Object.<anonymous> (C:\\Users\\Matanyos\\Desktop\\Automation\\Tests\\Payment module-Chrome\\payment.js:1:63)\n                    at Module._compile (module.js:649:30)\n                    at Object.Module._extensions..js (module.js:660:10)\n                    at Module.load (module.js:561:32)\n                    at tryModuleLoad (module.js:501:12)"
      },
      "testCases" : [ {
        "uid" : "27fac40748a03fbe",
        "name" : "------ Register and purchase an Agent Expert plan ",
        "title" : "------ Register and purchase an Agent Expert plan ",
        "time" : {
          "start" : 1525763933986,
          "stop" : 1525763980440,
          "duration" : 46454
        },
        "severity" : "NORMAL",
        "status" : "FAILED"
      }, {
        "uid" : "cf5fe7db34b60005",
        "name" : "------ Sign up then purchase an Agent Top plan ",
        "title" : "------ Sign up then purchase an Agent Top plan ",
        "time" : {
          "start" : 1525763980441,
          "stop" : 1525764038510,
          "duration" : 58069
        },
        "severity" : "NORMAL",
        "status" : "FAILED"
      }, {
        "uid" : "c1fa7660a903452f",
        "name" : "------ Register and purchase a Basic Plan",
        "title" : "------ Register and purchase a Basic Plan",
        "time" : {
          "start" : 1525764821177,
          "stop" : 1525764869737,
          "duration" : 48560
        },
        "severity" : "NORMAL",
        "status" : "FAILED"
      }, {
        "uid" : "8dc6104b6911ef0a",
        "name" : "------ Register and purchase an Agent Expert plan ",
        "title" : "------ Register and purchase an Agent Expert plan ",
        "time" : {
          "start" : 1525764869737,
          "stop" : 1525764912144,
          "duration" : 42407
        },
        "severity" : "NORMAL",
        "status" : "FAILED"
      }, {
        "uid" : "b46af03c35cc2f21",
        "name" : "------ Sign up then purchase an Agent Top plan ",
        "title" : "------ Sign up then purchase an Agent Top plan ",
        "time" : {
          "start" : 1525764912144,
          "stop" : 1525764967386,
          "duration" : 55242
        },
        "severity" : "NORMAL",
        "status" : "FAILED"
      }, {
        "uid" : "a1ee7335498b9b68",
        "name" : "------ Register and purchase a Basic Plan",
        "title" : "------ Register and purchase a Basic Plan",
        "time" : {
          "start" : 1525763443743,
          "stop" : 1525763487227,
          "duration" : 43484
        },
        "severity" : "NORMAL",
        "status" : "FAILED"
      }, {
        "uid" : "db19095982722f37",
        "name" : "------ Sign up then purchase an Agent Top plan ",
        "title" : "------ Sign up then purchase an Agent Top plan ",
        "time" : {
          "start" : 1525763509418,
          "stop" : 1525763561678,
          "duration" : 52260
        },
        "severity" : "NORMAL",
        "status" : "FAILED"
      } ]
    }, {
      "uid" : "3907547030ec8a25",
      "failure" : {
        "message" : "Failed: element not visible\n                  (Session info: chrome=66.0.3359.139)\n                  (Driver info: chromedriver=2.38.552522 (437e6fbedfa8762dec75e2c5b3ddb86763dc9dcb),platform=Windows NT 6.1.7601 SP1 x86_64)",
        "stackTrace" : "ElementNotVisibleError: element not visible\n                  (Session info: chrome=66.0.3359.139)\n                  (Driver info: chromedriver=2.38.552522 (437e6fbedfa8762dec75e2c5b3ddb86763dc9dcb),platform=Windows NT 6.1.7601 SP1 x86_64)\n                    at Object.checkLegacyResponse (C:\\Users\\Matanyos\\Desktop\\Automation\\node_modules\\selenium-webdriver\\lib\\error.js:546:15)\n                    at parseHttpResponse (C:\\Users\\Matanyos\\Desktop\\Automation\\node_modules\\selenium-webdriver\\lib\\http.js:509:13)\n                    at doSend.then.response (C:\\Users\\Matanyos\\Desktop\\Automation\\node_modules\\selenium-webdriver\\lib\\http.js:441:30)\n                    at <anonymous>\n                    at process._tickCallback (internal/process/next_tick.js:118:7)\n                From: Task: WebElement.sendKeys()\n                    at thenableWebDriverProxy.schedule (C:\\Users\\Matanyos\\Desktop\\Automation\\node_modules\\selenium-webdriver\\lib\\webdriver.js:807:17)\n                    at WebElement.schedule_ (C:\\Users\\Matanyos\\Desktop\\Automation\\node_modules\\selenium-webdriver\\lib\\webdriver.js:2010:25)\n                    at WebElement.sendKeys (C:\\Users\\Matanyos\\Desktop\\Automation\\node_modules\\selenium-webdriver\\lib\\webdriver.js:2174:19)\n                    at actionFn (C:\\Users\\Matanyos\\Desktop\\Automation\\node_modules\\protractor\\built\\element.js:89:44)\n                    at Array.map (<anonymous>)\n                    at actionResults.getWebElements.then (C:\\Users\\Matanyos\\Desktop\\Automation\\node_modules\\protractor\\built\\element.js:461:65)\n                    at ManagedPromise.invokeCallback_ (C:\\Users\\Matanyos\\Desktop\\Automation\\node_modules\\selenium-webdriver\\lib\\promise.js:1376:14)\n                    at TaskQueue.execute_ (C:\\Users\\Matanyos\\Desktop\\Automation\\node_modules\\selenium-webdriver\\lib\\promise.js:3084:14)\n                    at TaskQueue.executeNext_ (C:\\Users\\Matanyos\\Desktop\\Automation\\node_modules\\selenium-webdriver\\lib\\promise.js:3067:27)\n                    at asyncRun (C:\\Users\\Matanyos\\Desktop\\Automation\\node_modules\\selenium-webdriver\\lib\\promise.js:2927:27)Error\n                    at ElementArrayFinder.applyAction_ (C:\\Users\\Matanyos\\Desktop\\Automation\\node_modules\\protractor\\built\\element.js:459:27)\n                    at ElementArrayFinder.(anonymous function).args [as sendKeys] (C:\\Users\\Matanyos\\Desktop\\Automation\\node_modules\\protractor\\built\\element.js:91:29)\n                    at ElementFinder.(anonymous function).args [as sendKeys] (C:\\Users\\Matanyos\\Desktop\\Automation\\node_modules\\protractor\\built\\element.js:831:22)\n                    at UserContext.<anonymous> (C:\\Users\\Matanyos\\Desktop\\Automation\\Tests\\Payment module-Chrome\\payment.js:81:40)\n                    at C:\\Users\\Matanyos\\Desktop\\Automation\\node_modules\\jasminewd2\\index.js:112:25\n                    at new ManagedPromise (C:\\Users\\Matanyos\\Desktop\\Automation\\node_modules\\selenium-webdriver\\lib\\promise.js:1077:7)\n                    at ControlFlow.promise (C:\\Users\\Matanyos\\Desktop\\Automation\\node_modules\\selenium-webdriver\\lib\\promise.js:2505:12)\n                    at schedulerExecute (C:\\Users\\Matanyos\\Desktop\\Automation\\node_modules\\jasminewd2\\index.js:95:18)\n                    at TaskQueue.execute_ (C:\\Users\\Matanyos\\Desktop\\Automation\\node_modules\\selenium-webdriver\\lib\\promise.js:3084:14)\n                    at TaskQueue.executeNext_ (C:\\Users\\Matanyos\\Desktop\\Automation\\node_modules\\selenium-webdriver\\lib\\promise.js:3067:27)\n                From: Task: Run it(\"------ Register and purchase an Agent Expert plan \") in control flow\n                    at UserContext.<anonymous> (C:\\Users\\Matanyos\\Desktop\\Automation\\node_modules\\jasminewd2\\index.js:94:19)\n                    at attempt (C:\\Users\\Matanyos\\Desktop\\Automation\\node_modules\\jasmine-core\\lib\\jasmine-core\\jasmine.js:4297:26)\n                    at QueueRunner.run (C:\\Users\\Matanyos\\Desktop\\Automation\\node_modules\\jasmine-core\\lib\\jasmine-core\\jasmine.js:4217:20)\n                    at runNext (C:\\Users\\Matanyos\\Desktop\\Automation\\node_modules\\jasmine-core\\lib\\jasmine-core\\jasmine.js:4257:20)\n                    at C:\\Users\\Matanyos\\Desktop\\Automation\\node_modules\\jasmine-core\\lib\\jasmine-core\\jasmine.js:4264:13\n                    at C:\\Users\\Matanyos\\Desktop\\Automation\\node_modules\\jasmine-core\\lib\\jasmine-core\\jasmine.js:4172:9\n                    at C:\\Users\\Matanyos\\Desktop\\Automation\\node_modules\\jasminewd2\\index.js:64:48\n                    at ControlFlow.emit (C:\\Users\\Matanyos\\Desktop\\Automation\\node_modules\\selenium-webdriver\\lib\\events.js:62:21)\n                    at ControlFlow.shutdown_ (C:\\Users\\Matanyos\\Desktop\\Automation\\node_modules\\selenium-webdriver\\lib\\promise.js:2674:10)\n                    at shutdownTask_.MicroTask (C:\\Users\\Matanyos\\Desktop\\Automation\\node_modules\\selenium-webdriver\\lib\\promise.js:2599:53)\n                From asynchronous test: \n                Error\n                    at Suite.<anonymous> (C:\\Users\\Matanyos\\Desktop\\Automation\\Tests\\Payment module-Chrome\\payment.js:73:5)\n                    at addSpecsToSuite (C:\\Users\\Matanyos\\Desktop\\Automation\\node_modules\\jasmine-core\\lib\\jasmine-core\\jasmine.js:1107:25)\n                    at Env.describe (C:\\Users\\Matanyos\\Desktop\\Automation\\node_modules\\jasmine-core\\lib\\jasmine-core\\jasmine.js:1074:7)\n                    at describe (C:\\Users\\Matanyos\\Desktop\\Automation\\node_modules\\jasmine-core\\lib\\jasmine-core\\jasmine.js:4399:18)\n                    at Object.<anonymous> (C:\\Users\\Matanyos\\Desktop\\Automation\\Tests\\Payment module-Chrome\\payment.js:1:63)\n                    at Module._compile (module.js:649:30)\n                    at Object.Module._extensions..js (module.js:660:10)\n                    at Module.load (module.js:561:32)\n                    at tryModuleLoad (module.js:501:12)"
      },
      "testCases" : [ {
        "uid" : "73733f5809545c92",
        "name" : "------ Register and purchase an Agent Expert plan ",
        "title" : "------ Register and purchase an Agent Expert plan ",
        "time" : {
          "start" : 1525763487227,
          "stop" : 1525763509418,
          "duration" : 22191
        },
        "severity" : "NORMAL",
        "status" : "FAILED"
      } ]
    } ]
  }, {
    "title" : "Test defects",
    "status" : "BROKEN",
    "defects" : [ ]
  } ]
}